2026-01-22T08:48:07.560-03:00  INFO 14168 --- [delivery-api] [restartedMain] c.d.delivery.DeliveryApiApplication      : Starting DeliveryApiApplication using Java 21.0.9 with PID 14168 (C:\Users\apinheiro.EDUCACAO\OneDrive - Secretaria de Estado de Educação do Rio de Janeiro\Documentos\CURSO ARQUITETURA\delivery-api-ariadne-pinheiro\target\classes started by apinheiro in C:\Users\apinheiro.EDUCACAO\OneDrive - Secretaria de Estado de Educação do Rio de Janeiro\Documentos\CURSO ARQUITETURA\delivery-api-ariadne-pinheiro)
2026-01-22T08:48:07.577-03:00  INFO 14168 --- [delivery-api] [restartedMain] c.d.delivery.DeliveryApiApplication      : No active profile set, falling back to 1 default profile: "default"
2026-01-22T08:48:07.652-03:00  INFO 14168 --- [delivery-api] [restartedMain] .e.DevToolsPropertyDefaultsPostProcessor : Devtools property defaults active! Set 'spring.devtools.add-properties' to 'false' to disable
2026-01-22T08:48:07.653-03:00  INFO 14168 --- [delivery-api] [restartedMain] .e.DevToolsPropertyDefaultsPostProcessor : For additional web related logging consider setting the 'logging.level.web' property to 'DEBUG'
2026-01-22T08:48:08.829-03:00  INFO 14168 --- [delivery-api] [restartedMain] .s.d.r.c.RepositoryConfigurationDelegate : Bootstrapping Spring Data JPA repositories in DEFAULT mode.
2026-01-22T08:48:08.960-03:00  INFO 14168 --- [delivery-api] [restartedMain] .s.d.r.c.RepositoryConfigurationDelegate : Finished Spring Data repository scanning in 112 ms. Found 5 JPA repository interfaces.
2026-01-22T08:48:09.774-03:00  INFO 14168 --- [delivery-api] [restartedMain] o.s.b.w.embedded.tomcat.TomcatWebServer  : Tomcat initialized with port 8080 (http)
2026-01-22T08:48:09.796-03:00  INFO 14168 --- [delivery-api] [restartedMain] o.apache.catalina.core.StandardService   : Starting service [Tomcat]
2026-01-22T08:48:09.796-03:00  INFO 14168 --- [delivery-api] [restartedMain] o.apache.catalina.core.StandardEngine    : Starting Servlet engine: [Apache Tomcat/10.1.50]
2026-01-22T08:48:09.891-03:00  INFO 14168 --- [delivery-api] [restartedMain] o.a.c.c.C.[Tomcat].[localhost].[/]       : Initializing Spring embedded WebApplicationContext
2026-01-22T08:48:09.892-03:00  INFO 14168 --- [delivery-api] [restartedMain] w.s.c.ServletWebServerApplicationContext : Root WebApplicationContext: initialization completed in 2238 ms
2026-01-22T08:48:10.152-03:00  INFO 14168 --- [delivery-api] [restartedMain] o.hibernate.jpa.internal.util.LogHelper  : HHH000204: Processing PersistenceUnitInfo [name: default]
2026-01-22T08:48:10.253-03:00  INFO 14168 --- [delivery-api] [restartedMain] org.hibernate.Version                    : HHH000412: Hibernate ORM core version 6.6.39.Final
2026-01-22T08:48:10.292-03:00  INFO 14168 --- [delivery-api] [restartedMain] o.h.c.internal.RegionFactoryInitiator    : HHH000026: Second-level cache disabled
2026-01-22T08:48:10.660-03:00  INFO 14168 --- [delivery-api] [restartedMain] o.s.o.j.p.SpringPersistenceUnitInfo      : No LoadTimeWeaver setup: ignoring JPA class transformer
2026-01-22T08:48:10.711-03:00  INFO 14168 --- [delivery-api] [restartedMain] com.zaxxer.hikari.HikariDataSource       : HikariPool-1 - Starting...
2026-01-22T08:48:10.955-03:00  INFO 14168 --- [delivery-api] [restartedMain] com.zaxxer.hikari.pool.HikariPool        : HikariPool-1 - Added connection conn0: url=jdbc:h2:mem:teste user=SA
2026-01-22T08:48:10.957-03:00  INFO 14168 --- [delivery-api] [restartedMain] com.zaxxer.hikari.HikariDataSource       : HikariPool-1 - Start completed.
2026-01-22T08:48:10.993-03:00  WARN 14168 --- [delivery-api] [restartedMain] org.hibernate.orm.deprecation            : HHH90000025: H2Dialect does not need to be specified explicitly using 'hibernate.dialect' (remove the property setting and it will be selected by default)
2026-01-22T08:48:11.025-03:00  INFO 14168 --- [delivery-api] [restartedMain] org.hibernate.orm.connections.pooling    : HHH10001005: Database info:
	Database JDBC URL [Connecting through datasource 'HikariDataSource (HikariPool-1)']
	Database driver: undefined/unknown
	Database version: 2.3.232
	Autocommit mode: undefined/unknown
	Isolation level: undefined/unknown
	Minimum pool size: undefined/unknown
	Maximum pool size: undefined/unknown
2026-01-22T08:48:11.989-03:00  INFO 14168 --- [delivery-api] [restartedMain] o.h.e.t.j.p.i.JtaPlatformInitiator       : HHH000489: No JTA platform available (set 'hibernate.transaction.jta.platform' to enable JTA platform integration)
2026-01-22T08:48:12.072-03:00  INFO 14168 --- [delivery-api] [restartedMain] j.LocalContainerEntityManagerFactoryBean : Initialized JPA EntityManagerFactory for persistence unit 'default'
2026-01-22T08:48:12.794-03:00  INFO 14168 --- [delivery-api] [restartedMain] o.s.d.j.r.query.QueryEnhancerFactory     : Hibernate is in classpath; If applicable, HQL parser will be used.
2026-01-22T08:48:13.465-03:00 DEBUG 14168 --- [delivery-api] [restartedMain] s.w.s.m.m.a.RequestMappingHandlerMapping : 18 mappings in 'requestMappingHandlerMapping'
2026-01-22T08:48:13.580-03:00 DEBUG 14168 --- [delivery-api] [restartedMain] o.s.w.s.handler.SimpleUrlHandlerMapping  : Patterns [/webjars/**, /**] in 'resourceHandlerMapping'
2026-01-22T08:48:13.606-03:00 DEBUG 14168 --- [delivery-api] [restartedMain] s.w.s.m.m.a.RequestMappingHandlerAdapter : ControllerAdvice beans: 0 @ModelAttribute, 0 @InitBinder, 1 RequestBodyAdvice, 1 ResponseBodyAdvice
2026-01-22T08:48:13.689-03:00 DEBUG 14168 --- [delivery-api] [restartedMain] .m.m.a.ExceptionHandlerExceptionResolver : ControllerAdvice beans: 0 @ExceptionHandler, 1 ResponseBodyAdvice
2026-01-22T08:48:13.731-03:00  INFO 14168 --- [delivery-api] [restartedMain] o.s.b.a.h2.H2ConsoleAutoConfiguration    : H2 console available at '/h2-console'. Database available at 'jdbc:h2:mem:teste'
2026-01-22T08:48:13.795-03:00  WARN 14168 --- [delivery-api] [restartedMain] ConfigServletWebServerApplicationContext : Exception encountered during context initialization - cancelling refresh attempt: org.springframework.beans.factory.BeanCreationException: Error creating bean with name 'dataSourceScriptDatabaseInitializer' defined in class path resource [org/springframework/boot/autoconfigure/sql/init/DataSourceInitializationConfiguration.class]: Failed to execute SQL script statement #4 of file [C:\Users\apinheiro.EDUCACAO\OneDrive - Secretaria de Estado de Educação do Rio de Janeiro\Documentos\CURSO ARQUITETURA\delivery-api-ariadne-pinheiro\target\classes\data.sql]: INSERT INTO pedidos ( id, data_pedido, endereco_entrega, numero_pedido, taxa_entrega, valor_total, status, cliente_id, restaurante_id ) VALUES (1, CURRENT_TIMESTAMP, 'Rua A, 123', 'PED1234567890', 5.00, 64.80, 'PENDENTE', 1, 1), (2, CURRENT_TIMESTAMP, 'Rua B, 456', 'PED1234567891', 7.00, 41.80, 'CONFIRMADO', 2, 2), (3, CURRENT_TIMESTAMP, 'Rua C, 789', 'PED1234567892', 6.00, 78.80, 'ENTREGUE', 3, 3)
2026-01-22T08:48:13.795-03:00  INFO 14168 --- [delivery-api] [restartedMain] j.LocalContainerEntityManagerFactoryBean : Closing JPA EntityManagerFactory for persistence unit 'default'
2026-01-22T08:48:13.809-03:00  WARN 14168 --- [delivery-api] [restartedMain] o.s.b.f.support.DisposableBeanAdapter    : Invocation of destroy method failed on bean with name 'inMemoryDatabaseShutdownExecutor': org.h2.jdbc.JdbcSQLNonTransientConnectionException: Database is already closed (to disable automatic closing at VM shutdown, add ";DB_CLOSE_ON_EXIT=FALSE" to the db URL) [90121-232]
2026-01-22T08:48:13.810-03:00  INFO 14168 --- [delivery-api] [restartedMain] com.zaxxer.hikari.HikariDataSource       : HikariPool-1 - Shutdown initiated...
2026-01-22T08:48:13.812-03:00  INFO 14168 --- [delivery-api] [restartedMain] com.zaxxer.hikari.HikariDataSource       : HikariPool-1 - Shutdown completed.
2026-01-22T08:48:13.818-03:00  INFO 14168 --- [delivery-api] [restartedMain] o.apache.catalina.core.StandardService   : Stopping service [Tomcat]
2026-01-22T08:48:13.839-03:00  INFO 14168 --- [delivery-api] [restartedMain] .s.b.a.l.ConditionEvaluationReportLogger : 

Error starting ApplicationContext. To display the condition evaluation report re-run your application with 'debug' enabled.
2026-01-22T08:48:13.873-03:00 ERROR 14168 --- [delivery-api] [restartedMain] o.s.boot.SpringApplication               : Application run failed

org.springframework.beans.factory.BeanCreationException: Error creating bean with name 'dataSourceScriptDatabaseInitializer' defined in class path resource [org/springframework/boot/autoconfigure/sql/init/DataSourceInitializationConfiguration.class]: Failed to execute SQL script statement #4 of file [C:\Users\apinheiro.EDUCACAO\OneDrive - Secretaria de Estado de Educação do Rio de Janeiro\Documentos\CURSO ARQUITETURA\delivery-api-ariadne-pinheiro\target\classes\data.sql]: INSERT INTO pedidos ( id, data_pedido, endereco_entrega, numero_pedido, taxa_entrega, valor_total, status, cliente_id, restaurante_id ) VALUES (1, CURRENT_TIMESTAMP, 'Rua A, 123', 'PED1234567890', 5.00, 64.80, 'PENDENTE', 1, 1), (2, CURRENT_TIMESTAMP, 'Rua B, 456', 'PED1234567891', 7.00, 41.80, 'CONFIRMADO', 2, 2), (3, CURRENT_TIMESTAMP, 'Rua C, 789', 'PED1234567892', 6.00, 78.80, 'ENTREGUE', 3, 3)
	at org.springframework.beans.factory.support.AbstractAutowireCapableBeanFactory.initializeBean(AbstractAutowireCapableBeanFactory.java:1826) ~[spring-beans-6.2.15.jar:6.2.15]
	at org.springframework.beans.factory.support.AbstractAutowireCapableBeanFactory.doCreateBean(AbstractAutowireCapableBeanFactory.java:607) ~[spring-beans-6.2.15.jar:6.2.15]
	at org.springframework.beans.factory.support.AbstractAutowireCapableBeanFactory.createBean(AbstractAutowireCapableBeanFactory.java:529) ~[spring-beans-6.2.15.jar:6.2.15]
	at org.springframework.beans.factory.support.AbstractBeanFactory.lambda$doGetBean$0(AbstractBeanFactory.java:339) ~[spring-beans-6.2.15.jar:6.2.15]
	at org.springframework.beans.factory.support.DefaultSingletonBeanRegistry.getSingleton(DefaultSingletonBeanRegistry.java:373) ~[spring-beans-6.2.15.jar:6.2.15]
	at org.springframework.beans.factory.support.AbstractBeanFactory.doGetBean(AbstractBeanFactory.java:337) ~[spring-beans-6.2.15.jar:6.2.15]
	at org.springframework.beans.factory.support.AbstractBeanFactory.getBean(AbstractBeanFactory.java:202) ~[spring-beans-6.2.15.jar:6.2.15]
	at org.springframework.beans.factory.support.AbstractBeanFactory.doGetBean(AbstractBeanFactory.java:315) ~[spring-beans-6.2.15.jar:6.2.15]
	at org.springframework.beans.factory.support.AbstractBeanFactory.getBean(AbstractBeanFactory.java:202) ~[spring-beans-6.2.15.jar:6.2.15]
	at org.springframework.beans.factory.support.DefaultListableBeanFactory.instantiateSingleton(DefaultListableBeanFactory.java:1228) ~[spring-beans-6.2.15.jar:6.2.15]
	at org.springframework.beans.factory.support.DefaultListableBeanFactory.preInstantiateSingleton(DefaultListableBeanFactory.java:1194) ~[spring-beans-6.2.15.jar:6.2.15]
	at org.springframework.beans.factory.support.DefaultListableBeanFactory.preInstantiateSingletons(DefaultListableBeanFactory.java:1130) ~[spring-beans-6.2.15.jar:6.2.15]
	at org.springframework.context.support.AbstractApplicationContext.finishBeanFactoryInitialization(AbstractApplicationContext.java:990) ~[spring-context-6.2.15.jar:6.2.15]
	at org.springframework.context.support.AbstractApplicationContext.refresh(AbstractApplicationContext.java:627) ~[spring-context-6.2.15.jar:6.2.15]
	at org.springframework.boot.web.servlet.context.ServletWebServerApplicationContext.refresh(ServletWebServerApplicationContext.java:146) ~[spring-boot-3.5.9.jar:3.5.9]
	at org.springframework.boot.SpringApplication.refresh(SpringApplication.java:752) ~[spring-boot-3.5.9.jar:3.5.9]
	at org.springframework.boot.SpringApplication.refreshContext(SpringApplication.java:439) ~[spring-boot-3.5.9.jar:3.5.9]
	at org.springframework.boot.SpringApplication.run(SpringApplication.java:318) ~[spring-boot-3.5.9.jar:3.5.9]
	at org.springframework.boot.SpringApplication.run(SpringApplication.java:1361) ~[spring-boot-3.5.9.jar:3.5.9]
	at org.springframework.boot.SpringApplication.run(SpringApplication.java:1350) ~[spring-boot-3.5.9.jar:3.5.9]
	at com.deliverytech.delivery.DeliveryApiApplication.main(DeliveryApiApplication.java:10) ~[classes/:na]
	at java.base/jdk.internal.reflect.DirectMethodHandleAccessor.invoke(DirectMethodHandleAccessor.java:103) ~[na:na]
	at java.base/java.lang.reflect.Method.invoke(Method.java:580) ~[na:na]
	at org.springframework.boot.devtools.restart.RestartLauncher.run(RestartLauncher.java:50) ~[spring-boot-devtools-3.5.9.jar:3.5.9]
Caused by: org.springframework.jdbc.datasource.init.ScriptStatementFailedException: Failed to execute SQL script statement #4 of file [C:\Users\apinheiro.EDUCACAO\OneDrive - Secretaria de Estado de Educação do Rio de Janeiro\Documentos\CURSO ARQUITETURA\delivery-api-ariadne-pinheiro\target\classes\data.sql]: INSERT INTO pedidos ( id, data_pedido, endereco_entrega, numero_pedido, taxa_entrega, valor_total, status, cliente_id, restaurante_id ) VALUES (1, CURRENT_TIMESTAMP, 'Rua A, 123', 'PED1234567890', 5.00, 64.80, 'PENDENTE', 1, 1), (2, CURRENT_TIMESTAMP, 'Rua B, 456', 'PED1234567891', 7.00, 41.80, 'CONFIRMADO', 2, 2), (3, CURRENT_TIMESTAMP, 'Rua C, 789', 'PED1234567892', 6.00, 78.80, 'ENTREGUE', 3, 3)
	at org.springframework.jdbc.datasource.init.ScriptUtils.executeSqlScript(ScriptUtils.java:293) ~[spring-jdbc-6.2.15.jar:6.2.15]
	at org.springframework.jdbc.datasource.init.ResourceDatabasePopulator.populate(ResourceDatabasePopulator.java:254) ~[spring-jdbc-6.2.15.jar:6.2.15]
	at org.springframework.jdbc.datasource.init.DatabasePopulatorUtils.execute(DatabasePopulatorUtils.java:54) ~[spring-jdbc-6.2.15.jar:6.2.15]
	at org.springframework.boot.jdbc.init.DataSourceScriptDatabaseInitializer.runScripts(DataSourceScriptDatabaseInitializer.java:87) ~[spring-boot-3.5.9.jar:3.5.9]
	at org.springframework.boot.sql.init.AbstractScriptDatabaseInitializer.runScripts(AbstractScriptDatabaseInitializer.java:146) ~[spring-boot-3.5.9.jar:3.5.9]
	at org.springframework.boot.sql.init.AbstractScriptDatabaseInitializer.applyScripts(AbstractScriptDatabaseInitializer.java:108) ~[spring-boot-3.5.9.jar:3.5.9]
	at org.springframework.boot.sql.init.AbstractScriptDatabaseInitializer.applyDataScripts(AbstractScriptDatabaseInitializer.java:102) ~[spring-boot-3.5.9.jar:3.5.9]
	at org.springframework.boot.sql.init.AbstractScriptDatabaseInitializer.initializeDatabase(AbstractScriptDatabaseInitializer.java:77) ~[spring-boot-3.5.9.jar:3.5.9]
	at org.springframework.boot.sql.init.AbstractScriptDatabaseInitializer.afterPropertiesSet(AbstractScriptDatabaseInitializer.java:66) ~[spring-boot-3.5.9.jar:3.5.9]
	at org.springframework.beans.factory.support.AbstractAutowireCapableBeanFactory.invokeInitMethods(AbstractAutowireCapableBeanFactory.java:1873) ~[spring-beans-6.2.15.jar:6.2.15]
	at org.springframework.beans.factory.support.AbstractAutowireCapableBeanFactory.initializeBean(AbstractAutowireCapableBeanFactory.java:1822) ~[spring-beans-6.2.15.jar:6.2.15]
	... 23 common frames omitted
Caused by: org.h2.jdbc.JdbcSQLDataException: Value not permitted for column "('CANCELADO', 'CONFIRMADO', 'ENTREGUE', 'PEDENTE')": "PENDENTE"; SQL statement:
INSERT INTO pedidos ( id, data_pedido, endereco_entrega, numero_pedido, taxa_entrega, valor_total, status, cliente_id, restaurante_id ) VALUES (1, CURRENT_TIMESTAMP, 'Rua A, 123', 'PED1234567890', 5.00, 64.80, 'PENDENTE', 1, 1), (2, CURRENT_TIMESTAMP, 'Rua B, 456', 'PED1234567891', 7.00, 41.80, 'CONFIRMADO', 2, 2), (3, CURRENT_TIMESTAMP, 'Rua C, 789', 'PED1234567892', 6.00, 78.80, 'ENTREGUE', 3, 3) [22030-232]
	at org.h2.message.DbException.getJdbcSQLException(DbException.java:518) ~[h2-2.3.232.jar:2.3.232]
	at org.h2.message.DbException.getJdbcSQLException(DbException.java:489) ~[h2-2.3.232.jar:2.3.232]
	at org.h2.message.DbException.get(DbException.java:223) ~[h2-2.3.232.jar:2.3.232]
	at org.h2.value.ExtTypeInfoEnum.getValue(ExtTypeInfoEnum.java:175) ~[h2-2.3.232.jar:2.3.232]
	at org.h2.value.Value.convertToEnum(Value.java:2320) ~[h2-2.3.232.jar:2.3.232]
	at org.h2.value.Value.convertTo(Value.java:1200) ~[h2-2.3.232.jar:2.3.232]
	at org.h2.value.Value.convertForAssignTo(Value.java:1118) ~[h2-2.3.232.jar:2.3.232]
	at org.h2.table.Column.validateConvertUpdateSequence(Column.java:406) ~[h2-2.3.232.jar:2.3.232]
	at org.h2.table.Table.convertInsertRow(Table.java:963) ~[h2-2.3.232.jar:2.3.232]
	at org.h2.command.dml.Insert.insertRows(Insert.java:167) ~[h2-2.3.232.jar:2.3.232]
	at org.h2.command.dml.Insert.update(Insert.java:135) ~[h2-2.3.232.jar:2.3.232]
	at org.h2.command.dml.DataChangeStatement.update(DataChangeStatement.java:74) ~[h2-2.3.232.jar:2.3.232]
	at org.h2.command.CommandContainer.update(CommandContainer.java:139) ~[h2-2.3.232.jar:2.3.232]
	at org.h2.command.Command.executeUpdate(Command.java:304) ~[h2-2.3.232.jar:2.3.232]
	at org.h2.command.Command.executeUpdate(Command.java:248) ~[h2-2.3.232.jar:2.3.232]
	at org.h2.jdbc.JdbcStatement.executeInternal(JdbcStatement.java:262) ~[h2-2.3.232.jar:2.3.232]
	at org.h2.jdbc.JdbcStatement.execute(JdbcStatement.java:231) ~[h2-2.3.232.jar:2.3.232]
	at com.zaxxer.hikari.pool.ProxyStatement.execute(ProxyStatement.java:95) ~[HikariCP-6.3.3.jar:na]
	at com.zaxxer.hikari.pool.HikariProxyStatement.execute(HikariProxyStatement.java) ~[HikariCP-6.3.3.jar:na]
	at org.springframework.jdbc.datasource.init.ScriptUtils.executeSqlScript(ScriptUtils.java:261) ~[spring-jdbc-6.2.15.jar:6.2.15]
	... 33 common frames omitted

2026-01-22T10:01:47.911-03:00  INFO 8108 --- [delivery-api] [restartedMain] c.d.delivery.DeliveryApiApplication      : Starting DeliveryApiApplication using Java 21.0.9 with PID 8108 (C:\Users\apinheiro.EDUCACAO\OneDrive - Secretaria de Estado de Educação do Rio de Janeiro\Documentos\CURSO ARQUITETURA\delivery-api-ariadne-pinheiro\target\classes started by apinheiro in C:\Users\apinheiro.EDUCACAO\OneDrive - Secretaria de Estado de Educação do Rio de Janeiro\Documentos\CURSO ARQUITETURA\delivery-api-ariadne-pinheiro)
2026-01-22T10:01:47.927-03:00  INFO 8108 --- [delivery-api] [restartedMain] c.d.delivery.DeliveryApiApplication      : No active profile set, falling back to 1 default profile: "default"
2026-01-22T10:01:48.119-03:00  INFO 8108 --- [delivery-api] [restartedMain] .e.DevToolsPropertyDefaultsPostProcessor : Devtools property defaults active! Set 'spring.devtools.add-properties' to 'false' to disable
2026-01-22T10:01:48.129-03:00  INFO 8108 --- [delivery-api] [restartedMain] .e.DevToolsPropertyDefaultsPostProcessor : For additional web related logging consider setting the 'logging.level.web' property to 'DEBUG'
2026-01-22T10:01:51.227-03:00  INFO 8108 --- [delivery-api] [restartedMain] .s.d.r.c.RepositoryConfigurationDelegate : Bootstrapping Spring Data JPA repositories in DEFAULT mode.
2026-01-22T10:01:51.454-03:00  INFO 8108 --- [delivery-api] [restartedMain] .s.d.r.c.RepositoryConfigurationDelegate : Finished Spring Data repository scanning in 201 ms. Found 5 JPA repository interfaces.
2026-01-22T10:01:53.146-03:00  INFO 8108 --- [delivery-api] [restartedMain] o.s.b.w.embedded.tomcat.TomcatWebServer  : Tomcat initialized with port 8080 (http)
2026-01-22T10:01:53.192-03:00  INFO 8108 --- [delivery-api] [restartedMain] o.apache.catalina.core.StandardService   : Starting service [Tomcat]
2026-01-22T10:01:53.197-03:00  INFO 8108 --- [delivery-api] [restartedMain] o.apache.catalina.core.StandardEngine    : Starting Servlet engine: [Apache Tomcat/10.1.50]
2026-01-22T10:01:53.300-03:00  INFO 8108 --- [delivery-api] [restartedMain] o.a.c.c.C.[Tomcat].[localhost].[/]       : Initializing Spring embedded WebApplicationContext
2026-01-22T10:01:53.304-03:00  INFO 8108 --- [delivery-api] [restartedMain] w.s.c.ServletWebServerApplicationContext : Root WebApplicationContext: initialization completed in 5163 ms
2026-01-22T10:01:53.975-03:00  INFO 8108 --- [delivery-api] [restartedMain] o.hibernate.jpa.internal.util.LogHelper  : HHH000204: Processing PersistenceUnitInfo [name: default]
2026-01-22T10:01:54.150-03:00  INFO 8108 --- [delivery-api] [restartedMain] org.hibernate.Version                    : HHH000412: Hibernate ORM core version 6.6.39.Final
2026-01-22T10:01:54.237-03:00  INFO 8108 --- [delivery-api] [restartedMain] o.h.c.internal.RegionFactoryInitiator    : HHH000026: Second-level cache disabled
2026-01-22T10:01:55.128-03:00  INFO 8108 --- [delivery-api] [restartedMain] o.s.o.j.p.SpringPersistenceUnitInfo      : No LoadTimeWeaver setup: ignoring JPA class transformer
2026-01-22T10:01:55.222-03:00  INFO 8108 --- [delivery-api] [restartedMain] com.zaxxer.hikari.HikariDataSource       : HikariPool-1 - Starting...
2026-01-22T10:01:55.825-03:00  INFO 8108 --- [delivery-api] [restartedMain] com.zaxxer.hikari.pool.HikariPool        : HikariPool-1 - Added connection conn0: url=jdbc:h2:mem:teste user=SA
2026-01-22T10:01:55.834-03:00  INFO 8108 --- [delivery-api] [restartedMain] com.zaxxer.hikari.HikariDataSource       : HikariPool-1 - Start completed.
2026-01-22T10:01:55.934-03:00  WARN 8108 --- [delivery-api] [restartedMain] org.hibernate.orm.deprecation            : HHH90000025: H2Dialect does not need to be specified explicitly using 'hibernate.dialect' (remove the property setting and it will be selected by default)
2026-01-22T10:01:56.005-03:00  INFO 8108 --- [delivery-api] [restartedMain] org.hibernate.orm.connections.pooling    : HHH10001005: Database info:
	Database JDBC URL [Connecting through datasource 'HikariDataSource (HikariPool-1)']
	Database driver: undefined/unknown
	Database version: 2.3.232
	Autocommit mode: undefined/unknown
	Isolation level: undefined/unknown
	Minimum pool size: undefined/unknown
	Maximum pool size: undefined/unknown
2026-01-22T10:01:58.278-03:00  INFO 8108 --- [delivery-api] [restartedMain] o.h.e.t.j.p.i.JtaPlatformInitiator       : HHH000489: No JTA platform available (set 'hibernate.transaction.jta.platform' to enable JTA platform integration)
2026-01-22T10:01:58.445-03:00  INFO 8108 --- [delivery-api] [restartedMain] j.LocalContainerEntityManagerFactoryBean : Initialized JPA EntityManagerFactory for persistence unit 'default'
2026-01-22T10:01:59.456-03:00  INFO 8108 --- [delivery-api] [restartedMain] o.s.d.j.r.query.QueryEnhancerFactory     : Hibernate is in classpath; If applicable, HQL parser will be used.
2026-01-22T10:02:00.521-03:00 DEBUG 8108 --- [delivery-api] [restartedMain] s.w.s.m.m.a.RequestMappingHandlerMapping : 19 mappings in 'requestMappingHandlerMapping'
2026-01-22T10:02:00.685-03:00 DEBUG 8108 --- [delivery-api] [restartedMain] o.s.w.s.handler.SimpleUrlHandlerMapping  : Patterns [/webjars/**, /**] in 'resourceHandlerMapping'
2026-01-22T10:02:00.734-03:00 DEBUG 8108 --- [delivery-api] [restartedMain] s.w.s.m.m.a.RequestMappingHandlerAdapter : ControllerAdvice beans: 0 @ModelAttribute, 0 @InitBinder, 1 RequestBodyAdvice, 1 ResponseBodyAdvice
2026-01-22T10:02:00.826-03:00 DEBUG 8108 --- [delivery-api] [restartedMain] .m.m.a.ExceptionHandlerExceptionResolver : ControllerAdvice beans: 0 @ExceptionHandler, 1 ResponseBodyAdvice
2026-01-22T10:02:00.885-03:00  INFO 8108 --- [delivery-api] [restartedMain] o.s.b.a.h2.H2ConsoleAutoConfiguration    : H2 console available at '/h2-console'. Database available at 'jdbc:h2:mem:teste'
2026-01-22T10:02:00.975-03:00  WARN 8108 --- [delivery-api] [restartedMain] ConfigServletWebServerApplicationContext : Exception encountered during context initialization - cancelling refresh attempt: org.springframework.beans.factory.BeanCreationException: Error creating bean with name 'dataSourceScriptDatabaseInitializer' defined in class path resource [org/springframework/boot/autoconfigure/sql/init/DataSourceInitializationConfiguration.class]: Failed to execute SQL script statement #4 of file [C:\Users\apinheiro.EDUCACAO\OneDrive - Secretaria de Estado de Educação do Rio de Janeiro\Documentos\CURSO ARQUITETURA\delivery-api-ariadne-pinheiro\target\classes\data.sql]: INSERT INTO pedidos ( id, data_pedido, endereco_entrega, numero_pedido, taxa_entrega, valor_total, status, cliente_id, restaurante_id ) VALUES (1, CURRENT_TIMESTAMP, 'Rua A, 123', 'PED1234567890', 5.00, 64.80, 'PENDENTE', 1, 1), (2, CURRENT_TIMESTAMP, 'Rua B, 456', 'PED1234567891', 7.00, 41.80, 'CONFIRMADO', 2, 2), (3, CURRENT_TIMESTAMP, 'Rua C, 789', 'PED1234567892', 6.00, 78.80, 'ENTREGUE', 3, 3)
2026-01-22T10:02:00.976-03:00  INFO 8108 --- [delivery-api] [restartedMain] j.LocalContainerEntityManagerFactoryBean : Closing JPA EntityManagerFactory for persistence unit 'default'
2026-01-22T10:02:00.990-03:00  WARN 8108 --- [delivery-api] [restartedMain] o.s.b.f.support.DisposableBeanAdapter    : Invocation of destroy method failed on bean with name 'inMemoryDatabaseShutdownExecutor': org.h2.jdbc.JdbcSQLNonTransientConnectionException: Database is already closed (to disable automatic closing at VM shutdown, add ";DB_CLOSE_ON_EXIT=FALSE" to the db URL) [90121-232]
2026-01-22T10:02:00.992-03:00  INFO 8108 --- [delivery-api] [restartedMain] com.zaxxer.hikari.HikariDataSource       : HikariPool-1 - Shutdown initiated...
2026-01-22T10:02:00.998-03:00  INFO 8108 --- [delivery-api] [restartedMain] com.zaxxer.hikari.HikariDataSource       : HikariPool-1 - Shutdown completed.
2026-01-22T10:02:01.006-03:00  INFO 8108 --- [delivery-api] [restartedMain] o.apache.catalina.core.StandardService   : Stopping service [Tomcat]
2026-01-22T10:02:01.028-03:00  INFO 8108 --- [delivery-api] [restartedMain] .s.b.a.l.ConditionEvaluationReportLogger : 

Error starting ApplicationContext. To display the condition evaluation report re-run your application with 'debug' enabled.
2026-01-22T10:02:01.088-03:00 ERROR 8108 --- [delivery-api] [restartedMain] o.s.boot.SpringApplication               : Application run failed

org.springframework.beans.factory.BeanCreationException: Error creating bean with name 'dataSourceScriptDatabaseInitializer' defined in class path resource [org/springframework/boot/autoconfigure/sql/init/DataSourceInitializationConfiguration.class]: Failed to execute SQL script statement #4 of file [C:\Users\apinheiro.EDUCACAO\OneDrive - Secretaria de Estado de Educação do Rio de Janeiro\Documentos\CURSO ARQUITETURA\delivery-api-ariadne-pinheiro\target\classes\data.sql]: INSERT INTO pedidos ( id, data_pedido, endereco_entrega, numero_pedido, taxa_entrega, valor_total, status, cliente_id, restaurante_id ) VALUES (1, CURRENT_TIMESTAMP, 'Rua A, 123', 'PED1234567890', 5.00, 64.80, 'PENDENTE', 1, 1), (2, CURRENT_TIMESTAMP, 'Rua B, 456', 'PED1234567891', 7.00, 41.80, 'CONFIRMADO', 2, 2), (3, CURRENT_TIMESTAMP, 'Rua C, 789', 'PED1234567892', 6.00, 78.80, 'ENTREGUE', 3, 3)
	at org.springframework.beans.factory.support.AbstractAutowireCapableBeanFactory.initializeBean(AbstractAutowireCapableBeanFactory.java:1826) ~[spring-beans-6.2.15.jar:6.2.15]
	at org.springframework.beans.factory.support.AbstractAutowireCapableBeanFactory.doCreateBean(AbstractAutowireCapableBeanFactory.java:607) ~[spring-beans-6.2.15.jar:6.2.15]
	at org.springframework.beans.factory.support.AbstractAutowireCapableBeanFactory.createBean(AbstractAutowireCapableBeanFactory.java:529) ~[spring-beans-6.2.15.jar:6.2.15]
	at org.springframework.beans.factory.support.AbstractBeanFactory.lambda$doGetBean$0(AbstractBeanFactory.java:339) ~[spring-beans-6.2.15.jar:6.2.15]
	at org.springframework.beans.factory.support.DefaultSingletonBeanRegistry.getSingleton(DefaultSingletonBeanRegistry.java:373) ~[spring-beans-6.2.15.jar:6.2.15]
	at org.springframework.beans.factory.support.AbstractBeanFactory.doGetBean(AbstractBeanFactory.java:337) ~[spring-beans-6.2.15.jar:6.2.15]
	at org.springframework.beans.factory.support.AbstractBeanFactory.getBean(AbstractBeanFactory.java:202) ~[spring-beans-6.2.15.jar:6.2.15]
	at org.springframework.beans.factory.support.AbstractBeanFactory.doGetBean(AbstractBeanFactory.java:315) ~[spring-beans-6.2.15.jar:6.2.15]
	at org.springframework.beans.factory.support.AbstractBeanFactory.getBean(AbstractBeanFactory.java:202) ~[spring-beans-6.2.15.jar:6.2.15]
	at org.springframework.beans.factory.support.DefaultListableBeanFactory.instantiateSingleton(DefaultListableBeanFactory.java:1228) ~[spring-beans-6.2.15.jar:6.2.15]
	at org.springframework.beans.factory.support.DefaultListableBeanFactory.preInstantiateSingleton(DefaultListableBeanFactory.java:1194) ~[spring-beans-6.2.15.jar:6.2.15]
	at org.springframework.beans.factory.support.DefaultListableBeanFactory.preInstantiateSingletons(DefaultListableBeanFactory.java:1130) ~[spring-beans-6.2.15.jar:6.2.15]
	at org.springframework.context.support.AbstractApplicationContext.finishBeanFactoryInitialization(AbstractApplicationContext.java:990) ~[spring-context-6.2.15.jar:6.2.15]
	at org.springframework.context.support.AbstractApplicationContext.refresh(AbstractApplicationContext.java:627) ~[spring-context-6.2.15.jar:6.2.15]
	at org.springframework.boot.web.servlet.context.ServletWebServerApplicationContext.refresh(ServletWebServerApplicationContext.java:146) ~[spring-boot-3.5.9.jar:3.5.9]
	at org.springframework.boot.SpringApplication.refresh(SpringApplication.java:752) ~[spring-boot-3.5.9.jar:3.5.9]
	at org.springframework.boot.SpringApplication.refreshContext(SpringApplication.java:439) ~[spring-boot-3.5.9.jar:3.5.9]
	at org.springframework.boot.SpringApplication.run(SpringApplication.java:318) ~[spring-boot-3.5.9.jar:3.5.9]
	at org.springframework.boot.SpringApplication.run(SpringApplication.java:1361) ~[spring-boot-3.5.9.jar:3.5.9]
	at org.springframework.boot.SpringApplication.run(SpringApplication.java:1350) ~[spring-boot-3.5.9.jar:3.5.9]
	at com.deliverytech.delivery.DeliveryApiApplication.main(DeliveryApiApplication.java:10) ~[classes/:na]
	at java.base/jdk.internal.reflect.DirectMethodHandleAccessor.invoke(DirectMethodHandleAccessor.java:103) ~[na:na]
	at java.base/java.lang.reflect.Method.invoke(Method.java:580) ~[na:na]
	at org.springframework.boot.devtools.restart.RestartLauncher.run(RestartLauncher.java:50) ~[spring-boot-devtools-3.5.9.jar:3.5.9]
Caused by: org.springframework.jdbc.datasource.init.ScriptStatementFailedException: Failed to execute SQL script statement #4 of file [C:\Users\apinheiro.EDUCACAO\OneDrive - Secretaria de Estado de Educação do Rio de Janeiro\Documentos\CURSO ARQUITETURA\delivery-api-ariadne-pinheiro\target\classes\data.sql]: INSERT INTO pedidos ( id, data_pedido, endereco_entrega, numero_pedido, taxa_entrega, valor_total, status, cliente_id, restaurante_id ) VALUES (1, CURRENT_TIMESTAMP, 'Rua A, 123', 'PED1234567890', 5.00, 64.80, 'PENDENTE', 1, 1), (2, CURRENT_TIMESTAMP, 'Rua B, 456', 'PED1234567891', 7.00, 41.80, 'CONFIRMADO', 2, 2), (3, CURRENT_TIMESTAMP, 'Rua C, 789', 'PED1234567892', 6.00, 78.80, 'ENTREGUE', 3, 3)
	at org.springframework.jdbc.datasource.init.ScriptUtils.executeSqlScript(ScriptUtils.java:293) ~[spring-jdbc-6.2.15.jar:6.2.15]
	at org.springframework.jdbc.datasource.init.ResourceDatabasePopulator.populate(ResourceDatabasePopulator.java:254) ~[spring-jdbc-6.2.15.jar:6.2.15]
	at org.springframework.jdbc.datasource.init.DatabasePopulatorUtils.execute(DatabasePopulatorUtils.java:54) ~[spring-jdbc-6.2.15.jar:6.2.15]
	at org.springframework.boot.jdbc.init.DataSourceScriptDatabaseInitializer.runScripts(DataSourceScriptDatabaseInitializer.java:87) ~[spring-boot-3.5.9.jar:3.5.9]
	at org.springframework.boot.sql.init.AbstractScriptDatabaseInitializer.runScripts(AbstractScriptDatabaseInitializer.java:146) ~[spring-boot-3.5.9.jar:3.5.9]
	at org.springframework.boot.sql.init.AbstractScriptDatabaseInitializer.applyScripts(AbstractScriptDatabaseInitializer.java:108) ~[spring-boot-3.5.9.jar:3.5.9]
	at org.springframework.boot.sql.init.AbstractScriptDatabaseInitializer.applyDataScripts(AbstractScriptDatabaseInitializer.java:102) ~[spring-boot-3.5.9.jar:3.5.9]
	at org.springframework.boot.sql.init.AbstractScriptDatabaseInitializer.initializeDatabase(AbstractScriptDatabaseInitializer.java:77) ~[spring-boot-3.5.9.jar:3.5.9]
	at org.springframework.boot.sql.init.AbstractScriptDatabaseInitializer.afterPropertiesSet(AbstractScriptDatabaseInitializer.java:66) ~[spring-boot-3.5.9.jar:3.5.9]
	at org.springframework.beans.factory.support.AbstractAutowireCapableBeanFactory.invokeInitMethods(AbstractAutowireCapableBeanFactory.java:1873) ~[spring-beans-6.2.15.jar:6.2.15]
	at org.springframework.beans.factory.support.AbstractAutowireCapableBeanFactory.initializeBean(AbstractAutowireCapableBeanFactory.java:1822) ~[spring-beans-6.2.15.jar:6.2.15]
	... 23 common frames omitted
Caused by: org.h2.jdbc.JdbcSQLDataException: Value not permitted for column "('CANCELADO', 'CONFIRMADO', 'ENTREGUE', 'PEDENTE')": "PENDENTE"; SQL statement:
INSERT INTO pedidos ( id, data_pedido, endereco_entrega, numero_pedido, taxa_entrega, valor_total, status, cliente_id, restaurante_id ) VALUES (1, CURRENT_TIMESTAMP, 'Rua A, 123', 'PED1234567890', 5.00, 64.80, 'PENDENTE', 1, 1), (2, CURRENT_TIMESTAMP, 'Rua B, 456', 'PED1234567891', 7.00, 41.80, 'CONFIRMADO', 2, 2), (3, CURRENT_TIMESTAMP, 'Rua C, 789', 'PED1234567892', 6.00, 78.80, 'ENTREGUE', 3, 3) [22030-232]
	at org.h2.message.DbException.getJdbcSQLException(DbException.java:518) ~[h2-2.3.232.jar:2.3.232]
	at org.h2.message.DbException.getJdbcSQLException(DbException.java:489) ~[h2-2.3.232.jar:2.3.232]
	at org.h2.message.DbException.get(DbException.java:223) ~[h2-2.3.232.jar:2.3.232]
	at org.h2.value.ExtTypeInfoEnum.getValue(ExtTypeInfoEnum.java:175) ~[h2-2.3.232.jar:2.3.232]
	at org.h2.value.Value.convertToEnum(Value.java:2320) ~[h2-2.3.232.jar:2.3.232]
	at org.h2.value.Value.convertTo(Value.java:1200) ~[h2-2.3.232.jar:2.3.232]
	at org.h2.value.Value.convertForAssignTo(Value.java:1118) ~[h2-2.3.232.jar:2.3.232]
	at org.h2.table.Column.validateConvertUpdateSequence(Column.java:406) ~[h2-2.3.232.jar:2.3.232]
	at org.h2.table.Table.convertInsertRow(Table.java:963) ~[h2-2.3.232.jar:2.3.232]
	at org.h2.command.dml.Insert.insertRows(Insert.java:167) ~[h2-2.3.232.jar:2.3.232]
	at org.h2.command.dml.Insert.update(Insert.java:135) ~[h2-2.3.232.jar:2.3.232]
	at org.h2.command.dml.DataChangeStatement.update(DataChangeStatement.java:74) ~[h2-2.3.232.jar:2.3.232]
	at org.h2.command.CommandContainer.update(CommandContainer.java:139) ~[h2-2.3.232.jar:2.3.232]
	at org.h2.command.Command.executeUpdate(Command.java:304) ~[h2-2.3.232.jar:2.3.232]
	at org.h2.command.Command.executeUpdate(Command.java:248) ~[h2-2.3.232.jar:2.3.232]
	at org.h2.jdbc.JdbcStatement.executeInternal(JdbcStatement.java:262) ~[h2-2.3.232.jar:2.3.232]
	at org.h2.jdbc.JdbcStatement.execute(JdbcStatement.java:231) ~[h2-2.3.232.jar:2.3.232]
	at com.zaxxer.hikari.pool.ProxyStatement.execute(ProxyStatement.java:95) ~[HikariCP-6.3.3.jar:na]
	at com.zaxxer.hikari.pool.HikariProxyStatement.execute(HikariProxyStatement.java) ~[HikariCP-6.3.3.jar:na]
	at org.springframework.jdbc.datasource.init.ScriptUtils.executeSqlScript(ScriptUtils.java:261) ~[spring-jdbc-6.2.15.jar:6.2.15]
	... 33 common frames omitted

